   0.000 2016-12-22 15:32:50; Factorio 0.14.21 (build 25327, linux64, steam)
   0.491 Operating system: Linux (LinuxMint 18)
   0.492 Program arguments: "/home/hatuncev/.local/share/Steam/steamapps/common/Factorio/bin/x64/factorio" 
   0.492 Read data path: /home/hatuncev/.local/share/Steam/steamapps/common/Factorio/data
   0.492 Write data path: /home/hatuncev/.factorio
   0.492 Binaries path: /home/hatuncev/.local/share/Steam/steamapps/common/Factorio/bin
   0.649 System info: [CPU:         Intel(R) Core(TM) i3-2120 CPU @ 3.30GHz, 4 cores, RAM: 5950MB]
   0.670 Display options: [FullScreen: 0] [VSync: 0] [UIScale: 100%] [MultiSampling: OFF] [Screen: 255]
   0.766 Available display adapters: 2
   0.766  [0]: resolution 1920x1080px at [0,0]
   0.766  [1]: resolution 1600x900px at [1920,0]
   0.766 Create display on adapter 0. Size 1280x720 at position [310, 162].
   0.935 Initialised OpenGL:[0] GeForce GT 440/PCIe/SSE2; driver: 4.5.0 NVIDIA 367.57
   0.935     Video memory size (dedicated/total available/current available): 1024/1024/682 MB
   1.193 Graphics options: [Graphics quality: normal] [Video memory usage: high] [Light scale: 25%] [DXT: false]
   1.465 Loading mod core 0.0.0 (data.lua)
   1.671 Loading mod base 0.14.21 (data.lua)
   2.714 Checksum for core: 1291735968
   2.714 Checksum for mod base: 786624017
   3.292 Info PlayerData.cpp:55: Local player-data.json available, timestamp 1482405489
   3.292 Info PlayerData.cpp:62: Cloud player-data.json unavailable
   4.080 Initial atlas bitmap size is 16384
   4.084 Created atlas bitmap 16384x5589
   4.084 Created atlas bitmap 4096x968
   4.085 Created atlas bitmap 4096x3644
  17.885 Sprites loaded
  17.885 Convert atlas 4096x968 to: trilinear-filtering 
  17.922 Convert atlas 4096x3644 to: mipmap 
  18.042 Loading sounds...
  19.811 Custom inputs active: 0
  19.896 Factorio initialised
  31.065 Loading map /home/hatuncev/.factorio/saves/111.zip
  31.067 Error FileUtil.cpp:284: Can't remove /home/hatuncev/.factorio/temp/currently-playing: No such file or directory
  31.704 Info Scenario.cpp:152: Map version 0.14.21-0
  35.378 Checksum for script /home/hatuncev/.factorio/temp/currently-playing/control.lua: 1057114497
 237.823 Steam API shutdown.
 237.939 Goodbye
